app/build/intermediates/manifest_merge_blame_file/release/processReleaseMainManifest/manifest-merger-blame-release-report.txt
1<?xml version="1.0" encoding="utf-8"?>
2<manifest xmlns:android="http://schemas.android.com/apk/res/android"
3    package="com.kartik.messapp"
4    android:versionCode="3"
5    android:versionName="1.2" >
6
7    <uses-sdk
8        android:minSdkVersion="24"
9        android:targetSdkVersion="36" />
10
11    <uses-permission android:name="android.permission.INTERNET" />
11-->src\main\AndroidManifest.xml:5:5-67
11-->src\main\AndroidManifest.xml:5:22-64
12    <uses-permission android:name="android.permission.ACCESS_NETWORK_STATE" />
12-->src\main\AndroidManifest.xml:6:5-79
12-->src\main\AndroidManifest.xml:6:22-76
13    <uses-permission android:name="android.permission.POST_NOTIFICATIONS" />
13-->src\main\AndroidManifest.xml:7:5-77
13-->src\main\AndroidManifest.xml:7:22-74
14    <uses-permission android:name="android.permission.USE_BIOMETRIC" /> <!-- suppress DeprecatedClassUsageInspection -->
14-->[androidx.biometric:biometric:1.1.0] AndroidManifest.xml:24:5-72
14-->[androidx.biometric:biometric:1.1.0] AndroidManifest.xml:24:22-69
15    <uses-permission android:name="android.permission.USE_FINGERPRINT" />
15-->[androidx.biometric:biometric:1.1.0] AndroidManifest.xml:27:5-74
15-->[androidx.biometric:biometric:1.1.0] AndroidManifest.xml:27:22-71
16    <uses-permission android:name="android.permission.WAKE_LOCK" /> <!-- Required by older versions of Google Play services to create IID tokens -->
16-->[com.google.firebase:firebase-messaging:24.1.0] AndroidManifest.xml:24:5-68
16-->[com.google.firebase:firebase-messaging:24.1.0] AndroidManifest.xml:24:22-65
17    <uses-permission android:name="com.google.android.c2dm.permission.RECEIVE" />
17-->[com.google.firebase:firebase-messaging:24.1.0] AndroidManifest.xml:26:5-82
17-->[com.google.firebase:firebase-messaging:24.1.0] AndroidManifest.xml:26:22-79
18    <uses-permission android:name="com.google.android.providers.gsf.permission.READ_GSERVICES" />
18-->[com.google.android.recaptcha:recaptcha:18.6.1] AndroidManifest.xml:9:5-98
18-->[com.google.android.recaptcha:recaptcha:18.6.1] AndroidManifest.xml:9:22-95
19    <uses-permission android:name="com.google.android.gms.permission.AD_ID" />
19-->[com.google.android.gms:play-services-measurement-api:22.1.2] AndroidManifest.xml:25:5-79
19-->[com.google.android.gms:play-services-measurement-api:22.1.2] AndroidManifest.xml:25:22-76
20    <uses-permission android:name="android.permission.ACCESS_ADSERVICES_ATTRIBUTION" />
20-->[com.google.android.gms:play-services-measurement-api:22.1.2] AndroidManifest.xml:26:5-88
20-->[com.google.android.gms:play-services-measurement-api:22.1.2] AndroidManifest.xml:26:22-85
21    <uses-permission android:name="android.permission.ACCESS_ADSERVICES_AD_ID" />
21-->[com.google.android.gms:play-services-measurement-api:22.1.2] AndroidManifest.xml:27:5-82
21-->[com.google.android.gms:play-services-measurement-api:22.1.2] AndroidManifest.xml:27:22-79
22    <uses-permission android:name="com.google.android.finsky.permission.BIND_GET_INSTALL_REFERRER_SERVICE" />
22-->[com.google.android.gms:play-services-measurement:22.1.2] AndroidManifest.xml:26:5-110
22-->[com.google.android.gms:play-services-measurement:22.1.2] AndroidManifest.xml:26:22-107
23    <uses-permission android:name="android.permission.ACCESS_ADSERVICES_TOPICS" /> <!-- Android package visibility setting -->
23-->[com.google.android.gms:play-services-ads-lite:23.6.0] AndroidManifest.xml:29:5-83
23-->[com.google.android.gms:play-services-ads-lite:23.6.0] AndroidManifest.xml:29:22-80
24    <queries>
24-->[com.google.android.gms:play-services-ads-lite:23.6.0] AndroidManifest.xml:35:5-68:15
25
26        <!-- For browser content -->
27        <intent>
27-->[com.google.android.gms:play-services-ads-lite:23.6.0] AndroidManifest.xml:38:9-44:18
28            <action android:name="android.intent.action.VIEW" />
28-->src\main\AndroidManifest.xml:30:17-69
28-->src\main\AndroidManifest.xml:30:25-66
29
30            <category android:name="android.intent.category.BROWSABLE" />
30-->src\main\AndroidManifest.xml:32:17-78
30-->src\main\AndroidManifest.xml:32:27-75
31
32            <data android:scheme="https" />
32-->src\main\AndroidManifest.xml:33:17-70
32-->src\main\AndroidManifest.xml:33:23-47
33        </intent>
34        <!-- End of browser content -->
35        <!-- For CustomTabsService -->
36        <intent>
36-->[com.google.android.gms:play-services-ads-lite:23.6.0] AndroidManifest.xml:47:9-49:18
37            <action android:name="android.support.customtabs.action.CustomTabsService" />
37-->[com.google.android.gms:play-services-ads-lite:23.6.0] AndroidManifest.xml:48:13-90
37-->[com.google.android.gms:play-services-ads-lite:23.6.0] AndroidManifest.xml:48:21-87
38        </intent>
39        <!-- End of CustomTabsService -->
40        <!-- For MRAID capabilities -->
41        <intent>
41-->[com.google.android.gms:play-services-ads-lite:23.6.0] AndroidManifest.xml:52:9-56:18
42            <action android:name="android.intent.action.INSERT" />
42-->[com.google.android.gms:play-services-ads-lite:23.6.0] AndroidManifest.xml:53:13-67
42-->[com.google.android.gms:play-services-ads-lite:23.6.0] AndroidManifest.xml:53:21-64
43
44            <data android:mimeType="vnd.android.cursor.dir/event" />
44-->src\main\AndroidManifest.xml:33:17-70
45        </intent>
46        <intent>
46-->[com.google.android.gms:play-services-ads-lite:23.6.0] AndroidManifest.xml:57:9-61:18
47            <action android:name="android.intent.action.VIEW" />
47-->src\main\AndroidManifest.xml:30:17-69
47-->src\main\AndroidManifest.xml:30:25-66
48
49            <data android:scheme="sms" />
49-->src\main\AndroidManifest.xml:33:17-70
49-->src\main\AndroidManifest.xml:33:23-47
50        </intent>
51        <intent>
51-->[com.google.android.gms:play-services-ads-lite:23.6.0] AndroidManifest.xml:62:9-66:18
52            <action android:name="android.intent.action.DIAL" />
52-->[com.google.android.gms:play-services-ads-lite:23.6.0] AndroidManifest.xml:63:13-65
52-->[com.google.android.gms:play-services-ads-lite:23.6.0] AndroidManifest.xml:63:21-62
53
54            <data android:path="tel:" />
54-->src\main\AndroidManifest.xml:33:17-70
55        </intent>
56        <!-- End of MRAID capabilities -->
57    </queries>
58
59    <uses-permission android:name="android.permission.FOREGROUND_SERVICE" />
59-->[androidx.work:work-runtime:2.7.0] AndroidManifest.xml:28:5-77
59-->[androidx.work:work-runtime:2.7.0] AndroidManifest.xml:28:22-74
60
61    <permission
61-->[androidx.core:core:1.16.0] AndroidManifest.xml:22:5-24:47
62        android:name="com.kartik.messapp.DYNAMIC_RECEIVER_NOT_EXPORTED_PERMISSION"
62-->[androidx.core:core:1.16.0] AndroidManifest.xml:23:9-81
63        android:protectionLevel="signature" />
63-->[androidx.core:core:1.16.0] AndroidManifest.xml:24:9-44
64
65    <uses-permission android:name="com.kartik.messapp.DYNAMIC_RECEIVER_NOT_EXPORTED_PERMISSION" />
65-->[androidx.core:core:1.16.0] AndroidManifest.xml:26:5-97
65-->[androidx.core:core:1.16.0] AndroidManifest.xml:26:22-94
66
67    <application
67-->src\main\AndroidManifest.xml:9:5-91:19
68        android:allowBackup="true"
68-->src\main\AndroidManifest.xml:10:9-35
69        android:appComponentFactory="androidx.core.app.CoreComponentFactory"
69-->[androidx.core:core:1.16.0] AndroidManifest.xml:28:18-86
70        android:dataExtractionRules="@xml/data_extraction_rules"
70-->src\main\AndroidManifest.xml:11:9-65
71        android:extractNativeLibs="false"
72        android:fullBackupContent="@xml/backup_rules"
72-->src\main\AndroidManifest.xml:12:9-54
73        android:hardwareAccelerated="true"
73-->src\main\AndroidManifest.xml:13:9-43
74        android:icon="@drawable/messapplogo"
74-->src\main\AndroidManifest.xml:14:9-45
75        android:label="@string/app_name"
75-->src\main\AndroidManifest.xml:15:9-41
76        android:roundIcon="@drawable/messapplogo"
76-->src\main\AndroidManifest.xml:16:9-50
77        android:supportsRtl="true"
77-->src\main\AndroidManifest.xml:17:9-35
78        android:theme="@style/Theme.Messapp" >
78-->src\main\AndroidManifest.xml:18:9-45
79        <activity
79-->src\main\AndroidManifest.xml:20:9-35:20
80            android:name="com.kartik.messapp.SplashActivity"
80-->src\main\AndroidManifest.xml:21:13-43
81            android:exported="true"
81-->src\main\AndroidManifest.xml:22:13-36
82            android:theme="@style/Theme.Messapp.NoActionBar" >
82-->src\main\AndroidManifest.xml:23:13-61
83            <intent-filter>
83-->src\main\AndroidManifest.xml:24:13-27:29
84                <action android:name="android.intent.action.MAIN" />
84-->src\main\AndroidManifest.xml:25:17-69
84-->src\main\AndroidManifest.xml:25:25-66
85
86                <category android:name="android.intent.category.LAUNCHER" />
86-->src\main\AndroidManifest.xml:26:17-77
86-->src\main\AndroidManifest.xml:26:27-74
87            </intent-filter>
88            <!-- Intent filter for deep linking from QR code -->
89            <intent-filter>
89-->src\main\AndroidManifest.xml:29:13-34:29
90                <action android:name="android.intent.action.VIEW" />
90-->src\main\AndroidManifest.xml:30:17-69
90-->src\main\AndroidManifest.xml:30:25-66
91
92                <category android:name="android.intent.category.DEFAULT" />
92-->src\main\AndroidManifest.xml:31:17-76
92-->src\main\AndroidManifest.xml:31:27-73
93                <category android:name="android.intent.category.BROWSABLE" />
93-->src\main\AndroidManifest.xml:32:17-78
93-->src\main\AndroidManifest.xml:32:27-75
94
95                <data
95-->src\main\AndroidManifest.xml:33:17-70
96                    android:host="join"
96-->src\main\AndroidManifest.xml:33:48-67
97                    android:scheme="messapp" />
97-->src\main\AndroidManifest.xml:33:23-47
98            </intent-filter>
99        </activity>
100        <activity
100-->src\main\AndroidManifest.xml:36:9-39:64
101            android:name="com.kartik.messapp.OnboardingActivity"
101-->src\main\AndroidManifest.xml:37:13-47
102            android:exported="false"
102-->src\main\AndroidManifest.xml:38:13-37
103            android:theme="@style/Theme.Messapp.NoActionBar" />
103-->src\main\AndroidManifest.xml:39:13-61
104        <activity
104-->src\main\AndroidManifest.xml:40:9-42:39
105            android:name="com.kartik.messapp.RoleSelectionActivity"
105-->src\main\AndroidManifest.xml:41:13-50
106            android:exported="false" />
106-->src\main\AndroidManifest.xml:42:13-37
107        <activity
107-->src\main\AndroidManifest.xml:43:9-76
108            android:name="com.kartik.messapp.LoginActivity"
108-->src\main\AndroidManifest.xml:43:19-48
109            android:exported="false" />
109-->src\main\AndroidManifest.xml:43:49-73
110        <activity
110-->src\main\AndroidManifest.xml:44:9-84
111            android:name="com.kartik.messapp.UserDashboardActivity"
111-->src\main\AndroidManifest.xml:44:19-56
112            android:exported="false" />
112-->src\main\AndroidManifest.xml:44:57-81
113        <activity
113-->src\main\AndroidManifest.xml:45:9-84
114            android:name="com.kartik.messapp.MessDashboardActivity"
114-->src\main\AndroidManifest.xml:45:19-56
115            android:exported="false" />
115-->src\main\AndroidManifest.xml:45:57-81
116        <activity
116-->src\main\AndroidManifest.xml:46:9-86
117            android:name="com.kartik.messapp.EditMessProfileActivity"
117-->src\main\AndroidManifest.xml:46:19-58
118            android:exported="false" />
118-->src\main\AndroidManifest.xml:46:59-83
119        <activity
119-->src\main\AndroidManifest.xml:47:9-102
120            android:name="com.kartik.messapp.ui.user.profile.EditUserProfileActivity"
120-->src\main\AndroidManifest.xml:47:19-74
121            android:exported="false" />
121-->src\main\AndroidManifest.xml:47:75-99
122        <activity
122-->src\main\AndroidManifest.xml:48:9-100
123            android:name="com.kartik.messapp.ui.mess.settings.MessSettingsActivity"
123-->src\main\AndroidManifest.xml:48:19-72
124            android:exported="false" />
124-->src\main\AndroidManifest.xml:48:73-97
125        <activity
125-->src\main\AndroidManifest.xml:49:9-100
126            android:name="com.kartik.messapp.ui.mess.weeklymenu.WeeklyMenuActivity"
126-->src\main\AndroidManifest.xml:49:19-72
127            android:exported="false" />
127-->src\main\AndroidManifest.xml:49:73-97
128        <activity
128-->src\main\AndroidManifest.xml:50:9-82
129            android:name="com.kartik.messapp.MessReviewsActivity"
129-->src\main\AndroidManifest.xml:50:19-54
130            android:exported="false" />
130-->src\main\AndroidManifest.xml:50:55-79
131        <activity
131-->src\main\AndroidManifest.xml:51:9-80
132            android:name="com.kartik.messapp.MyReviewsActivity"
132-->src\main\AndroidManifest.xml:51:19-52
133            android:exported="false" />
133-->src\main\AndroidManifest.xml:51:53-77
134        <activity
134-->src\main\AndroidManifest.xml:52:9-105
135            android:name="com.kartik.messapp.ui.mess.reports.SubscriptionReportActivity"
135-->src\main\AndroidManifest.xml:52:19-77
136            android:exported="false" />
136-->src\main\AndroidManifest.xml:52:78-102
137
138        <provider
138-->src\main\AndroidManifest.xml:54:9-62:20
139            android:name="androidx.core.content.FileProvider"
139-->src\main\AndroidManifest.xml:55:13-62
140            android:authorities="com.kartik.messapp.fileprovider"
140-->src\main\AndroidManifest.xml:56:13-66
141            android:exported="false"
141-->src\main\AndroidManifest.xml:57:13-37
142            android:grantUriPermissions="true" >
142-->src\main\AndroidManifest.xml:58:13-47
143            <meta-data
143-->src\main\AndroidManifest.xml:59:13-61:54
144                android:name="android.support.FILE_PROVIDER_PATHS"
144-->src\main\AndroidManifest.xml:60:17-67
145                android:resource="@xml/file_paths" />
145-->src\main\AndroidManifest.xml:61:17-51
146        </provider>
147
148        <service
148-->src\main\AndroidManifest.xml:64:9-70:19
149            android:name="com.kartik.messapp.MyFirebaseMessagingService"
149-->src\main\AndroidManifest.xml:65:13-55
150            android:exported="false" >
150-->src\main\AndroidManifest.xml:66:13-37
151            <intent-filter>
151-->src\main\AndroidManifest.xml:67:13-69:29
152                <action android:name="com.google.firebase.MESSAGING_EVENT" />
152-->src\main\AndroidManifest.xml:68:17-78
152-->src\main\AndroidManifest.xml:68:25-75
153            </intent-filter>
154        </service>
155
156        <activity
156-->src\main\AndroidManifest.xml:72:9-75:75
157            android:name="com.google.android.gms.common.api.GoogleApiActivity"
157-->src\main\AndroidManifest.xml:73:13-79
158            android:exported="false"
158-->src\main\AndroidManifest.xml:74:13-37
159            android:theme="@android:style/Theme.Translucent.NoTitleBar" />
159-->src\main\AndroidManifest.xml:75:13-72
160
161        <meta-data
161-->src\main\AndroidManifest.xml:77:9-79:69
162            android:name="com.google.android.gms.version"
162-->src\main\AndroidManifest.xml:78:13-58
163            android:value="@integer/google_play_services_version" />
163-->src\main\AndroidManifest.xml:79:13-66
164
165        <!-- Google AdMob App ID -->
166        <meta-data
166-->src\main\AndroidManifest.xml:82:9-84:69
167            android:name="com.google.android.gms.ads.APPLICATION_ID"
167-->src\main\AndroidManifest.xml:83:13-69
168            android:value="ca-app-pub-9150541100276802~4206375871" />
168-->src\main\AndroidManifest.xml:84:13-67
169
170        <!-- Resolve AdServices conflict between AdMob and Firebase Analytics -->
171        <property
171-->src\main\AndroidManifest.xml:87:9-90:48
172            android:name="android.adservices.AD_SERVICES_CONFIG"
172-->src\main\AndroidManifest.xml:88:13-65
173            android:resource="@xml/gma_ad_services_config" />
173-->src\main\AndroidManifest.xml:89:13-59
174
175        <activity
175-->[com.google.firebase:firebase-auth:24.0.1] AndroidManifest.xml:29:9-46:20
176            android:name="com.google.firebase.auth.internal.GenericIdpActivity"
176-->[com.google.firebase:firebase-auth:24.0.1] AndroidManifest.xml:30:13-80
177            android:excludeFromRecents="true"
177-->[com.google.firebase:firebase-auth:24.0.1] AndroidManifest.xml:31:13-46
178            android:exported="true"
178-->[com.google.firebase:firebase-auth:24.0.1] AndroidManifest.xml:32:13-36
179            android:launchMode="singleTask"
179-->[com.google.firebase:firebase-auth:24.0.1] AndroidManifest.xml:33:13-44
180            android:theme="@android:style/Theme.Translucent.NoTitleBar" >
180-->[com.google.firebase:firebase-auth:24.0.1] AndroidManifest.xml:34:13-72
181            <intent-filter>
181-->[com.google.firebase:firebase-auth:24.0.1] AndroidManifest.xml:35:13-45:29
182                <action android:name="android.intent.action.VIEW" />
182-->src\main\AndroidManifest.xml:30:17-69
182-->src\main\AndroidManifest.xml:30:25-66
183
184                <category android:name="android.intent.category.DEFAULT" />
184-->src\main\AndroidManifest.xml:31:17-76
184-->src\main\AndroidManifest.xml:31:27-73
185                <category android:name="android.intent.category.BROWSABLE" />
185-->src\main\AndroidManifest.xml:32:17-78
185-->src\main\AndroidManifest.xml:32:27-75
186
187                <data
187-->src\main\AndroidManifest.xml:33:17-70
188                    android:host="firebase.auth"
188-->src\main\AndroidManifest.xml:33:48-67
189                    android:path="/"
190                    android:scheme="genericidp" />
190-->src\main\AndroidManifest.xml:33:23-47
191            </intent-filter>
192        </activity>
193        <activity
193-->[com.google.firebase:firebase-auth:24.0.1] AndroidManifest.xml:47:9-64:20
194            android:name="com.google.firebase.auth.internal.RecaptchaActivity"
194-->[com.google.firebase:firebase-auth:24.0.1] AndroidManifest.xml:48:13-79
195            android:excludeFromRecents="true"
195-->[com.google.firebase:firebase-auth:24.0.1] AndroidManifest.xml:49:13-46
196            android:exported="true"
196-->[com.google.firebase:firebase-auth:24.0.1] AndroidManifest.xml:50:13-36
197            android:launchMode="singleTask"
197-->[com.google.firebase:firebase-auth:24.0.1] AndroidManifest.xml:51:13-44
198            android:theme="@android:style/Theme.Translucent.NoTitleBar" >
198-->[com.google.firebase:firebase-auth:24.0.1] AndroidManifest.xml:52:13-72
199            <intent-filter>
199-->[com.google.firebase:firebase-auth:24.0.1] AndroidManifest.xml:53:13-63:29
200                <action android:name="android.intent.action.VIEW" />
200-->src\main\AndroidManifest.xml:30:17-69
200-->src\main\AndroidManifest.xml:30:25-66
201
202                <category android:name="android.intent.category.DEFAULT" />
202-->src\main\AndroidManifest.xml:31:17-76
202-->src\main\AndroidManifest.xml:31:27-73
203                <category android:name="android.intent.category.BROWSABLE" />
203-->src\main\AndroidManifest.xml:32:17-78
203-->src\main\AndroidManifest.xml:32:27-75
204
205                <data
205-->src\main\AndroidManifest.xml:33:17-70
206                    android:host="firebase.auth"
206-->src\main\AndroidManifest.xml:33:48-67
207                    android:path="/"
208                    android:scheme="recaptcha" />
208-->src\main\AndroidManifest.xml:33:23-47
209            </intent-filter>
210        </activity>
211
212        <service
212-->[com.google.firebase:firebase-auth:24.0.1] AndroidManifest.xml:66:9-72:19
213            android:name="com.google.firebase.components.ComponentDiscoveryService"
213-->[com.google.firebase:firebase-auth:24.0.1] AndroidManifest.xml:67:13-84
214            android:directBootAware="true"
214-->[com.google.firebase:firebase-common:21.0.0] AndroidManifest.xml:32:13-43
215            android:exported="false" >
215-->[com.google.firebase:firebase-auth:24.0.1] AndroidManifest.xml:68:13-37
216            <meta-data
216-->[com.google.firebase:firebase-auth:24.0.1] AndroidManifest.xml:69:13-71:85
217                android:name="com.google.firebase.components:com.google.firebase.auth.FirebaseAuthRegistrar"
217-->[com.google.firebase:firebase-auth:24.0.1] AndroidManifest.xml:70:17-109
218                android:value="com.google.firebase.components.ComponentRegistrar" />
218-->[com.google.firebase:firebase-auth:24.0.1] AndroidManifest.xml:71:17-82
219            <meta-data
219-->[com.google.firebase:firebase-firestore:25.1.1] AndroidManifest.xml:17:13-19:85
220                android:name="com.google.firebase.components:com.google.firebase.firestore.FirebaseFirestoreKtxRegistrar"
220-->[com.google.firebase:firebase-firestore:25.1.1] AndroidManifest.xml:18:17-122
221                android:value="com.google.firebase.components.ComponentRegistrar" />
221-->[com.google.firebase:firebase-firestore:25.1.1] AndroidManifest.xml:19:17-82
222            <meta-data
222-->[com.google.firebase:firebase-firestore:25.1.1] AndroidManifest.xml:20:13-22:85
223                android:name="com.google.firebase.components:com.google.firebase.firestore.FirestoreRegistrar"
223-->[com.google.firebase:firebase-firestore:25.1.1] AndroidManifest.xml:21:17-111
224                android:value="com.google.firebase.components.ComponentRegistrar" />
224-->[com.google.firebase:firebase-firestore:25.1.1] AndroidManifest.xml:22:17-82
225            <meta-data
225-->[com.google.firebase:firebase-messaging:24.1.0] AndroidManifest.xml:57:13-59:85
226                android:name="com.google.firebase.components:com.google.firebase.messaging.FirebaseMessagingKtxRegistrar"
226-->[com.google.firebase:firebase-messaging:24.1.0] AndroidManifest.xml:58:17-122
227                android:value="com.google.firebase.components.ComponentRegistrar" />
227-->[com.google.firebase:firebase-messaging:24.1.0] AndroidManifest.xml:59:17-82
228            <meta-data
228-->[com.google.firebase:firebase-messaging:24.1.0] AndroidManifest.xml:60:13-62:85
229                android:name="com.google.firebase.components:com.google.firebase.messaging.FirebaseMessagingRegistrar"
229-->[com.google.firebase:firebase-messaging:24.1.0] AndroidManifest.xml:61:17-119
230                android:value="com.google.firebase.components.ComponentRegistrar" />
230-->[com.google.firebase:firebase-messaging:24.1.0] AndroidManifest.xml:62:17-82
231            <meta-data
231-->[com.google.firebase:firebase-storage:21.0.1] AndroidManifest.xml:30:13-32:85
232                android:name="com.google.firebase.components:com.google.firebase.storage.FirebaseStorageKtxRegistrar"
232-->[com.google.firebase:firebase-storage:21.0.1] AndroidManifest.xml:31:17-118
233                android:value="com.google.firebase.components.ComponentRegistrar" />
233-->[com.google.firebase:firebase-storage:21.0.1] AndroidManifest.xml:32:17-82
234            <meta-data
234-->[com.google.firebase:firebase-storage:21.0.1] AndroidManifest.xml:33:13-35:85
235                android:name="com.google.firebase.components:com.google.firebase.storage.StorageRegistrar"
235-->[com.google.firebase:firebase-storage:21.0.1] AndroidManifest.xml:34:17-107
236                android:value="com.google.firebase.components.ComponentRegistrar" />
236-->[com.google.firebase:firebase-storage:21.0.1] AndroidManifest.xml:35:17-82
237            <meta-data
237-->[com.google.android.gms:play-services-measurement-api:22.1.2] AndroidManifest.xml:37:13-39:85
238                android:name="com.google.firebase.components:com.google.firebase.analytics.connector.internal.AnalyticsConnectorRegistrar"
238-->[com.google.android.gms:play-services-measurement-api:22.1.2] AndroidManifest.xml:38:17-139
239                android:value="com.google.firebase.components.ComponentRegistrar" />
239-->[com.google.android.gms:play-services-measurement-api:22.1.2] AndroidManifest.xml:39:17-82
240            <meta-data
240-->[com.google.firebase:firebase-installations:18.0.0] AndroidManifest.xml:15:13-17:85
241                android:name="com.google.firebase.components:com.google.firebase.installations.FirebaseInstallationsKtxRegistrar"
241-->[com.google.firebase:firebase-installations:18.0.0] AndroidManifest.xml:16:17-130
242                android:value="com.google.firebase.components.ComponentRegistrar" />
242-->[com.google.firebase:firebase-installations:18.0.0] AndroidManifest.xml:17:17-82
243            <meta-data
243-->[com.google.firebase:firebase-installations:18.0.0] AndroidManifest.xml:18:13-20:85
244                android:name="com.google.firebase.components:com.google.firebase.installations.FirebaseInstallationsRegistrar"
244-->[com.google.firebase:firebase-installations:18.0.0] AndroidManifest.xml:19:17-127
245                android:value="com.google.firebase.components.ComponentRegistrar" />
245-->[com.google.firebase:firebase-installations:18.0.0] AndroidManifest.xml:20:17-82
246            <meta-data
246-->[com.google.firebase:firebase-appcheck:18.0.0] AndroidManifest.xml:25:13-27:85
247                android:name="com.google.firebase.components:com.google.firebase.appcheck.FirebaseAppCheckKtxRegistrar"
247-->[com.google.firebase:firebase-appcheck:18.0.0] AndroidManifest.xml:26:17-120
248                android:value="com.google.firebase.components.ComponentRegistrar" />
248-->[com.google.firebase:firebase-appcheck:18.0.0] AndroidManifest.xml:27:17-82
249            <meta-data
249-->[com.google.firebase:firebase-appcheck:18.0.0] AndroidManifest.xml:28:13-30:85
250                android:name="com.google.firebase.components:com.google.firebase.appcheck.FirebaseAppCheckRegistrar"
250-->[com.google.firebase:firebase-appcheck:18.0.0] AndroidManifest.xml:29:17-117
251                android:value="com.google.firebase.components.ComponentRegistrar" />
251-->[com.google.firebase:firebase-appcheck:18.0.0] AndroidManifest.xml:30:17-82
252            <meta-data
252-->[com.google.firebase:firebase-common-ktx:21.0.0] AndroidManifest.xml:12:13-14:85
253                android:name="com.google.firebase.components:com.google.firebase.ktx.FirebaseCommonLegacyRegistrar"
253-->[com.google.firebase:firebase-common-ktx:21.0.0] AndroidManifest.xml:13:17-116
254                android:value="com.google.firebase.components.ComponentRegistrar" />
254-->[com.google.firebase:firebase-common-ktx:21.0.0] AndroidManifest.xml:14:17-82
255            <meta-data
255-->[com.google.firebase:firebase-common:21.0.0] AndroidManifest.xml:35:13-37:85
256                android:name="com.google.firebase.components:com.google.firebase.FirebaseCommonKtxRegistrar"
256-->[com.google.firebase:firebase-common:21.0.0] AndroidManifest.xml:36:17-109
257                android:value="com.google.firebase.components.ComponentRegistrar" />
257-->[com.google.firebase:firebase-common:21.0.0] AndroidManifest.xml:37:17-82
258            <meta-data
258-->[com.google.firebase:firebase-datatransport:18.2.0] AndroidManifest.xml:25:13-27:85
259                android:name="com.google.firebase.components:com.google.firebase.datatransport.TransportRegistrar"
259-->[com.google.firebase:firebase-datatransport:18.2.0] AndroidManifest.xml:26:17-115
260                android:value="com.google.firebase.components.ComponentRegistrar" />
260-->[com.google.firebase:firebase-datatransport:18.2.0] AndroidManifest.xml:27:17-82
261        </service>
262        <service
262-->[androidx.credentials:credentials-play-services-auth:1.5.0] AndroidManifest.xml:24:9-32:19
263            android:name="androidx.credentials.playservices.CredentialProviderMetadataHolder"
263-->[androidx.credentials:credentials-play-services-auth:1.5.0] AndroidManifest.xml:25:13-94
264            android:enabled="true"
264-->[androidx.credentials:credentials-play-services-auth:1.5.0] AndroidManifest.xml:26:13-35
265            android:exported="false" >
265-->[androidx.credentials:credentials-play-services-auth:1.5.0] AndroidManifest.xml:27:13-37
266            <meta-data
266-->[androidx.credentials:credentials-play-services-auth:1.5.0] AndroidManifest.xml:29:13-31:104
267                android:name="androidx.credentials.CREDENTIAL_PROVIDER_KEY"
267-->[androidx.credentials:credentials-play-services-auth:1.5.0] AndroidManifest.xml:30:17-76
268                android:value="androidx.credentials.playservices.CredentialProviderPlayServicesImpl" />
268-->[androidx.credentials:credentials-play-services-auth:1.5.0] AndroidManifest.xml:31:17-101
269        </service>
270
271        <activity
271-->[androidx.credentials:credentials-play-services-auth:1.5.0] AndroidManifest.xml:34:9-41:20
272            android:name="androidx.credentials.playservices.HiddenActivity"
272-->[androidx.credentials:credentials-play-services-auth:1.5.0] AndroidManifest.xml:35:13-76
273            android:configChanges="orientation|screenSize|screenLayout|keyboardHidden"
273-->[androidx.credentials:credentials-play-services-auth:1.5.0] AndroidManifest.xml:36:13-87
274            android:enabled="true"
274-->[androidx.credentials:credentials-play-services-auth:1.5.0] AndroidManifest.xml:37:13-35
275            android:exported="false"
275-->[androidx.credentials:credentials-play-services-auth:1.5.0] AndroidManifest.xml:38:13-37
276            android:fitsSystemWindows="true"
276-->[androidx.credentials:credentials-play-services-auth:1.5.0] AndroidManifest.xml:39:13-45
277            android:theme="@style/Theme.Hidden" >
277-->[androidx.credentials:credentials-play-services-auth:1.5.0] AndroidManifest.xml:40:13-48
278        </activity>
279        <activity
279-->[androidx.credentials:credentials-play-services-auth:1.5.0] AndroidManifest.xml:42:9-49:20
280            android:name="androidx.credentials.playservices.IdentityCredentialApiHiddenActivity"
280-->[androidx.credentials:credentials-play-services-auth:1.5.0] AndroidManifest.xml:43:13-97
281            android:configChanges="orientation|screenSize|screenLayout|keyboardHidden"